<?xml version="1.0" encoding="UTF-8"?>
<!-- Generated by org.testng.reporters.JUnitReportReporter -->
<testsuite hostname="DESKTOP-7EUDCAL" failures="0" tests="1" name="comrest.deserialize.JsonRead" time="1.441" errors="0" timestamp="2024-01-28T01:05:27 GMT-05:00" skipped="0">
  <testcase classname="comrest.deserialize.JsonRead" name="jsonRetrieval" time="1.441"/>
  <system-out/>
</testsuite> <!-- comrest.deserialize.JsonRead -->
