<?xml version="1.0" encoding="UTF-8"?>
<!-- Generated by org.testng.reporters.JUnitReportReporter -->
<testsuite hostname="DESKTOP-7EUDCAL" failures="0" tests="1" name="comrest.deserialize.ReadJson" time="1.355" errors="0" timestamp="2024-01-28T12:13:37 GMT-05:00" skipped="0">
  <testcase classname="comrest.deserialize.ReadJson" name="extractJsonPath" time="1.355"/>
  <system-out/>
</testsuite> <!-- comrest.deserialize.ReadJson -->
