<?xml version="1.0" encoding="UTF-8"?>
<!-- Generated by org.testng.reporters.JUnitReportReporter -->
<testsuite hostname="DESKTOP-7EUDCAL" failures="0" tests="1" name="com.rest.serialization.StudentRecordsSerialize" time="1.103" errors="0" timestamp="2024-01-27T11:50:19 GMT-05:00" skipped="0">
  <testcase classname="com.rest.serialization.StudentRecordsSerialize" name="jsonCreate" time="1.103"/>
  <system-out/>
</testsuite> <!-- com.rest.serialization.StudentRecordsSerialize -->
