<?xml version="1.0" encoding="UTF-8"?>
<!-- Generated by org.testng.reporters.JUnitReportReporter -->
<testsuite hostname="DESKTOP-7EUDCAL" failures="0" tests="1" name="com.rest.serialization.EmployeeSerialize" time="0.027" errors="0" timestamp="2024-01-27T13:37:19 GMT-05:00" skipped="0">
  <testcase classname="com.rest.serialization.EmployeeSerialize" name="jsonCreate" time="0.027"/>
  <system-out/>
</testsuite> <!-- com.rest.serialization.EmployeeSerialize -->
